C:\Neeraj\backup\tech\systematicinv\iron-condor\venv\Scripts\python.exe C:\Neeraj\backup\tech\systematicinv\iron-condor\Options_Using_SPX_10_NetDelta_Fixed4.PY
2026-06-21 21:04:26.238370
2026-06-21 21:04:26.238370  ================================================================================
2026-06-21 21:04:26.238370  Options_Using_SPX_10_NetDelta_Fixed4.PY
2026-06-21 21:04:26.238370  ================================================================================
2026-06-21 21:04:26.238370
2026-06-21 21:04:26.238370    Backtest end date: 2026-05-10
2026-06-21 21:04:27.255492    Loaded 2602 days of VIX data
2026-06-21 21:04:27.255492
2026-06-21 21:04:27.255492    Loading SPX minute data...
  2533 trading days.  in 0.19s
2026-06-21 21:04:27.446694    Built 2533 daily SPX bars
2026-06-21 21:04:27.446694
2026-06-21 21:04:27.446694  ================================================================================
2026-06-21 21:04:27.446694  RUNNING 10-YEAR (SPX BACKTEST NET-DELTA + FIXED *5 CAPITAL)
2026-06-21 21:04:27.446694  ================================================================================
2026-06-21 21:04:27.446694
  Period:       2016-05-09 to 2026-05-10
  STRATEGY
  ------------------------------------------------------------
  Underlying:    SPX (real 1-min data, resampled to daily)
  Strategy:      18/14 delta IC, $50 wings, Monday entry, 30 DTE
  Roll rule:     |net delta| > 15  (warn at +/-10)
    PUT/CALL Delta:    18 / 14
    Profit Target:     50%
    Stop Loss:         2x credit per leg (worst-intraday)
    10 DTE Exit:       Smart exit, gap-aware
    VIX No-Trade:      > 25

  Exits:       50% profit, 10 DTE smart exit, 2x stop  (gap-aware)

2026-06-21 21:04:27.449690    Running backtest...
2026-06-21 21:04:28.557711    Complete!

  NET-DELTA MANAGEMENT
  ------------------------------------------------------------
    Days in Warn band (10-15):     245
    Days in Roll zone (>15):       86
    Trades that rolled at least 1x: 47
    Total PUT-side rolls:           35
    Total CALL-side rolls:          42


================================================================================
SPX BACKTEST NET-DELTA + FIXED *5 CAPITAL
================================================================================

  TRADE STATISTICS
  ------------------------------------------------------------
    Total Trades:           417
    Monday Entries:         273
    Re-entry Trades:        144
    Winning Trades:         283
    Losing Trades:          134
    Win Rate:               67.9%
    Skipped (VIX > 25):     70
    Skipped (DUP_EXP):      2415
    Skipped (CREDIT < > -1):   0
    Skipped (NOT_IN_UNIV):  0

  EXIT REASONS
  ------------------------------------------------------------
    50% Profit Target                    258 ( 61.9%)
    10 DTE Exit (Cut Loss)                78 ( 18.7%)
    Expiration                            46 ( 11.0%)
    10 DTE Exit (Profitable)              24 (  5.8%)
    Both legs stopped out                 11 (  2.6%)

  PROFIT & LOSS
  ------------------------------------------------------------
    Total P&L:              $36,711.99
    Gross Profit:           $191,877.83
    Gross Loss:             $-155,165.84
    Profit Factor:          1.24
    Avg Win:                $678.01
    Avg Loss:               $-1,157.95
    Max Drawdown:           $13,832.35

  CAPITAL ANALYSIS
  ------------------------------------------------------------
    Avg Credit/Trade:       $12.30 (incl. rolls)
    Margin per Contract:    $3,769.55
    Peak Observed:          5  ( matches observed peak)
    Annual P&L:             $3,671.70


  YEARLY BREAKDOWN
  ------------------------------------------------------------
    Year   Trades   Wins   Win%     Rolls    P&L            ROC
    ------ -------- ------ -------- -------- -------------- ----------
    2016   33       27     81.8   % 12       $   6,210.64     33.0%
    2017   47       30     63.8   % 31       $     651.07      2.6%
    2018   48       28     58.3   % 8        $  -6,785.40    -26.4%
    2019   53       39     73.6   % 17       $   5,063.63     26.8%
    2020   18       12     66.7   % 2        $      94.71      0.4%
    2021   46       30     65.2   % 4        $   3,225.33     13.4%
    2022   23       14     60.9   % 0        $   1,118.30      4.1%
    2023   48       33     68.8   % 3        $   9,002.81     31.7%
    2024   51       30     58.8   % 0        $    -141.95     -0.4%
    2025   46       37     80.4   % 0        $  16,546.20     44.4%
    2026   4        3      75.0   % 0        $   1,726.65      3.2%

2026-06-21 21:04:28.558707
2026-06-21 21:04:28.558707  ================================================================================
2026-06-21 21:04:28.558707  FINAL SUMMARY - BACKTEST  (SPX BACKTEST NET-DELTA + FIXED *5 CAPITAL)
2026-06-21 21:04:28.558707  ================================================================================
2026-06-21 21:04:28.558707
  +------------------------------------------------------------+
  |      CAPITAL INVESTED:                  $18,848            |
  |         TOTAL P&L :                     $36,712            |
  |    TOTAL RETURN (10 yrs):                194.8%            |
  |         ANNUAL P&L:                      $3,672            |
  |         ANNUAL ROC:                      11.4%             |
  |          WIN RATE:                       67.9%             |
  |        PROFIT FACTOR:                     1.24             |
  |   TOTAL ROLLS (PUT/CALL):                35/42             |
  +------------------------------------------------------------+

2026-06-21 21:04:28.569707    Trades exported to: C:\Neeraj\backup\tech\systematicinv\iron-condor\outputs\SPX_IronCondor_10Year_NetDelta_Fixed4_Backtest.csv

Process finished with exit code 0
