C:\Neeraj\backup\tech\systematicinv\iron-condor\venv\Scripts\python.exe C:\Neeraj\backup\tech\systematicinv\iron-condor\strategy_stock_put_spread.py
2026-06-25 23:16:18.199475
2026-06-25 23:16:18.199475  ================================================================================
2026-06-25 23:16:18.199475  Scanner_Put_Spread.py
2026-06-25 23:16:18.199475  ================================================================================
2026-06-25 23:16:18.199475
2026-06-25 23:16:18.199475    Backtest end date: 2026-05-11
2026-06-25 23:16:19.995438  S&P 500 change events change events loaded: 299
2026-06-25 23:16:19.995438  Current tickers: 503
2026-06-25 23:16:19.995438   Loading stock price data from 2022-06-01, delta_days=1439 for 503 tickers...
2026-06-25 23:18:19.553224 503 end download
2026-06-25 23:18:19.553224    ✓ Loaded 503 tickers
2026-06-25 23:18:23.705558
2026-06-25 23:18:23.705558  ================================================================================
2026-06-25 23:18:23.705558  RUNNING 10-YEAR (PUT SPREAD ON STOCKS)
2026-06-25 23:18:23.705558  ================================================================================
2026-06-25 23:18:23.705558
  Period:       2022-06-01 to 2026-05-11
  Strategy:    Stock Put Spread  (wing $10, 60 DTE)
  Entry:       Day after earnings, EMA(20) up, RSI slope > 0.5
  Support:     20-day rolling low, strike increment $5.0
  Profit target: 15%  Stop: 2.0x credit
  Capital:
  Exits:       50% profit, 10 DTE smart exit, 2x stop  (gap-aware)

2026-06-25 23:18:23.715729    Running backtest...
[X] Series has 17 rows but indicator requires at least 20. Returning None.
2026-06-25 23:38:05.120517    Complete!


================================================================================
PUT SPREAD ON STOCKS
================================================================================

  TRADE STATISTICS
  ------------------------------------------------------------
    Total Trades:           733
    Monday Entries:         733
    Re-entry Trades:        0
    Winning Trades:         689
    Losing Trades:          40
    Win Rate:               94.0%
    Skipped (VIX > -1):     0
    Skipped (DUP_EXP):      989
    Skipped (CREDIT < > 0.5):   822
    Skipped (NOT_IN_UNIV):  108

  EXIT REASONS
  ------------------------------------------------------------
    Profit Target                        689 ( 94.0%)
    Stop Loss                             27 (  3.7%)
    Expiration                            13 (  1.8%)
    Unknown                                4 (  0.5%)

  PROFIT & LOSS
  ------------------------------------------------------------
    Total P&L:              $16,812.44
    Gross Profit:           $30,803.49
    Gross Loss:             $-13,991.05
    Profit Factor:          2.20
    Avg Win:                $44.71
    Avg Loss:               $-349.78
    Max Drawdown:           $2,806.87

  CAPITAL ANALYSIS
  ------------------------------------------------------------
    Avg Credit/Trade:       $1.49 (incl. rolls)
    Margin per Contract:    $850.58
    Peak Observed:          21  ( matches observed peak)
    Annual P&L:             $4,267.37


  YEARLY BREAKDOWN
  ------------------------------------------------------------
    Year   Trades   Wins   Win%     Rolls    P&L            ROC
    ------ -------- ------ -------- -------- -------------- ----------
    2022   92       91     98.9   % 0        $   3,767.23     21.1%
    2023   123      117    95.1   % 0        $   2,777.71     12.8%
    2024   197      187    94.9   % 0        $   4,521.58     18.5%
    2025   220      203    92.3   % 0        $   3,726.39     12.9%
    2026   101      91     90.1   % 0        $   2,019.53      6.2%

2026-06-25 23:38:05.120517
2026-06-25 23:38:05.120517  ================================================================================
2026-06-25 23:38:05.120517  FINAL SUMMARY - BACKTEST  (PUT SPREAD ON STOCKS)
2026-06-25 23:38:05.120517  ================================================================================
2026-06-25 23:38:05.120517
  +------------------------------------------------------------+
  |      CAPITAL INVESTED:                  $17,862            |
  |         TOTAL P&L :                     $16,812            |
  |    TOTAL RETURN (4 yrs):                 94.1%             |
  |         ANNUAL P&L:                      $4,267            |
  |         ANNUAL ROC:                      18.3%             |
  |          WIN RATE:                       94.0%             |
  |        PROFIT FACTOR:                     2.20             |
  |   TOTAL ROLLS (PUT/CALL):                 0/0              |
  +------------------------------------------------------------+

2026-06-25 23:38:05.143253    Trades exported to: C:\Neeraj\backup\tech\systematicinv\iron-condor\outputs\Stock_Put_Spread_Backtest.csv

Process finished with exit code 0
