C:\Neeraj\backup\tech\systematicinv\iron-condor\venv\Scripts\python.exe C:\Neeraj\backup\tech\systematicinv\iron-condor\analyze_trades.py
Loading: outputs/Stock_Put_Spread_Backtest.csv
Loaded 868 trades  (2022-06-02 00:00:00–2026-05-08 00:00:00)

── STRIKE / OTM ANALYSIS ───────────────────────────────────────
  Avg OTM%    : 13.2%
  Median OTM% : 12.1%
  Min OTM%    : 3.4%
  Max OTM%    : 45.0%

  OTM% distribution:
            Trades  Win_Rate  Avg_PnL
OTM_Bucket
0-5%            21     95.24    37.09
5-10%          264     91.67    18.24
10-15%         322     96.58    30.95
15-20%         157     96.18    24.98
20-25%          67     94.03    24.76
25-30%          23    100.00    42.59
>30%            14    100.00    51.97

── HOLD TIME ANALYSIS ──────────────────────────────────────────
  Avg hold days  : 3.8
  Median         : 3.0
  % closed day 1 : 44.2%
  % closed <= 3d : 71.8%
  % closed <= 5d : 83.2%
  % held > 10d   : 8.3%

  Hold time distribution:
             Trades  Win_Rate  Avg_PnL
Hold_Bucket
1d              384     99.74    37.78
2-3d            239     99.16    38.72
4-5d             99     91.92    14.43
6-10d            66     87.88     3.31
11-20d           56     76.79   -34.02
21-40d           14     85.71    30.13
>40d              2      0.00  -537.51

── CREDIT ANALYSIS ─────────────────────────────────────────────
  Avg credit       : $1.15
  Median credit    : $1.01
  Min credit       : $0.5000
  Max credit       : $3.50
  % credit < $0.10 : 0.0%
  % credit < $0.50 : 0.0%

  Credit size distribution:
               Trades  Win_Rate  Avg_PnL
Credit_Bucket
0.25-0.50           3    100.00    25.01
0.50-1.00         425     93.65    17.58
1.00-2.00         371     95.69    29.96
2.00-5.00          69     98.55    60.63

── YEARLY BREAKDOWN ────────────────────────────────────────────
      Trades  Win_Rate  Total_PnL  Avg_Hold  Avg_OTM  Avg_Credit
Year
2022     112     98.21    3493.70      2.75    13.20        1.09
2023     156     94.87    3493.51      3.67    11.69        1.07
2024     215     96.74    5884.87      4.39    12.63        1.07
2025     278     94.96    7857.45      3.99    13.77        1.30
2026     107     87.85    2118.83      3.48    15.32        1.09

── EXIT REASON BREAKDOWN ───────────────────────────────────────
               Trades  Avg_PnL   Tot_PnL  Avg_Hold  Avg_OTM
Exit_Reason
Expiration          1  -649.73   -649.73     65.00    15.35
Profit Target     824    38.27  31532.22      3.38    13.36
Stop Loss          35  -229.55  -8034.13     12.17    10.20

── TOP 10 WORST TRADES ─────────────────────────────────────────
 Trade_ID Ticker Entry_Date  Exit_Date  Hold_Days  SPX_Entry  Short   OTM_Pct  Credit  Total_PnL_$ Exit_Reason
     1228    CEG 2025-02-19 2025-04-25       65.0     318.95  270.0 15.347233    3.50      -649.73  Expiration
     1197    IQV 2025-02-07 2025-02-27       20.0     208.14  195.0  6.313059    1.81      -450.16   Stop Loss
     1162    PHM 2025-01-31 2025-03-31       59.0     112.64  105.0  6.782670    1.86      -425.29   Stop Loss
     1483    BLK 2025-10-15 2025-10-30       15.0    1190.14 1115.0  6.313543    1.96      -422.69   Stop Loss
      117   MRNA 2022-08-04 2022-08-18       14.0     194.18  155.0 20.177155    1.75      -374.46   Stop Loss
     1581    BLK 2026-01-16 2026-02-03       18.0    1156.73 1050.0  9.226872    1.62      -339.70   Stop Loss
      395    LMT 2023-04-19 2023-04-26        7.0     453.83  425.0  6.352599    1.10      -338.20   Stop Loss
      585    CRL 2023-08-10 2023-09-12       33.0     217.61  200.0  8.092459    1.50      -333.82   Stop Loss
      879     HD 2024-05-15 2024-05-23        8.0     331.82  315.0  5.069013    1.43      -315.27   Stop Loss
      377     LH 2023-02-17 2023-02-22        5.0     211.02  200.0  5.222254    1.56      -311.85   Stop Loss

── TOP 10 BEST TRADES ──────────────────────────────────────────
 Trade_ID Ticker Entry_Date  Exit_Date  Hold_Days  SPX_Entry  Short   OTM_Pct  Credit  Total_PnL_$   Exit_Reason
     1355    CRL 2025-05-08 2025-05-09        1.0     141.36   95.0 32.795699    2.68       224.41 Profit Target
     1131    ACN 2024-12-20 2025-01-22       33.0     358.18  335.0  6.471606    2.29       185.42 Profit Target
      531   ALGN 2023-07-27 2023-08-24       28.0     385.31  325.0 15.652332    2.18       147.54 Profit Target
      635    HII 2023-11-03 2023-11-06        3.0     220.97  200.0  9.489976    2.07       135.78 Profit Target
      243    CVS 2022-11-03 2022-11-04        1.0      85.74   75.0 12.526242    1.28       125.70 Profit Target
     1289    STX 2025-04-30 2025-05-02        2.0      89.87   65.0 27.673306    1.77       124.18 Profit Target
     1336    MTD 2025-05-02 2025-05-08        6.0    1100.01  970.0 11.818983    3.18       120.70 Profit Target
      159     GS 2022-10-19 2022-10-21        2.0     284.49  265.0  6.850856    2.67       116.43 Profit Target
     1314    CAT 2025-05-01 2025-05-02        1.0     310.60  265.0 14.681262    2.32       111.96 Profit Target
     1439   MPWR 2025-08-01 2025-08-04        3.0     781.35  705.0  9.771549    2.54       111.79 Profit Target

── PER-TICKER SUMMARY (losers first) ───────────────────────────
        Trades  Win_Rate  Total_PnL  Avg_OTM  Avg_Credit  Avg_Hold
Ticker
BLK          3     33.33    -726.01     8.95        1.56     13.33
CEG          4     75.00    -529.38    24.32        1.57     17.00
PHM          1      0.00    -425.29     6.78        1.86     59.00
MRNA         2     50.00    -342.48    20.09        1.36      9.50
IQV          5     80.00    -240.51    14.19        1.55      6.00
LH           6     83.33    -219.22    10.48        1.15      7.67
HD           5     80.00    -185.64     7.59        1.10      3.20
LMT          5     80.00    -178.21    10.01        1.36      2.20
CARR         2     50.00    -168.06    13.57        0.86     10.50
DGX          6     83.33    -156.98     9.40        1.07      3.00
EQT          1      0.00    -154.97    15.81        0.65     15.00
RVTY         2     50.00    -151.81    13.79        0.88      5.00
OMC          1      0.00    -145.47    12.10        0.61     19.00
NTAP         3     66.67    -144.09    13.40        1.13      5.67
ON           2     50.00    -131.03    15.61        0.72      6.00
DLR          6     83.33    -117.29    10.39        1.06      6.50
PSX          4     75.00    -107.52    12.20        0.73      2.00
DECK         3     66.67    -101.32    20.22        1.13      9.33
ALL          3     66.67     -99.90     9.63        1.27      3.67
PODD         3     66.67     -83.20    15.37        1.04      3.33
IT           4     75.00     -80.23    10.86        1.32      2.00
AVB          3     66.67     -55.33     8.38        1.25      7.33
DE           2     50.00     -51.78    17.98        0.90      8.00
ADP          4     75.00     -47.65     9.98        1.19      1.00
A            5     80.00     -46.18    12.25        0.97      3.80
UNP          5     80.00     -39.08    10.23        0.83      5.00
TT           7     85.71     -27.09    13.59        1.15      5.57
EG           4     50.00     -17.91    10.23        1.02      1.33
RMD          6     83.33     -10.21    13.88        1.32     10.00
ORLY         1      0.00       0.00     9.46        1.00       NaN
IFF          1      0.00       0.00    21.62        1.02       NaN
APP          1      0.00       0.00    21.82        1.10       NaN
SWKS         1    100.00      10.57    22.42        0.65      6.00
FISV         1    100.00      10.83    13.51        0.52      1.00
TSN          1    100.00      11.37    11.60        0.57      1.00
META         6     83.33      13.03    19.76        1.67      5.83
MCO          1    100.00      13.75     9.01        0.74      4.00
CNC          1    100.00      14.59    17.45        0.81      1.00
NKE          1    100.00      14.74    21.56        0.67      3.00
FTV          1    100.00      15.56    16.85        0.52      1.00
NVDA         1    100.00      16.02    15.13        0.80      4.00
GM           1    100.00      17.20    17.93        0.93      1.00
CF           1    100.00      17.71    14.48        0.53      1.00
JKHY         1    100.00      17.99     9.98        0.60      1.00
PCAR         1    100.00      18.43     7.84        1.00      1.00
TROW         1    100.00      19.21    13.07        0.55      3.00
HRL          1    100.00      19.51    17.65        0.51      3.00
SJM          1    100.00      19.57     9.93        0.82      2.00
CTVA         1    100.00      19.81    24.04        0.59      6.00
AMCR         1    100.00      20.15    10.47        0.65      1.00
CMG          1    100.00      20.43    17.22        0.54      1.00
REG          1    100.00      20.69    13.44        0.60      1.00
DOW          1    100.00      21.26     7.48        0.76      3.00
NEM          1    100.00      21.32    15.46        0.67     10.00
PNC          1    100.00      21.46     8.52        0.61      1.00
PYPL         1    100.00      22.52    16.02        1.47      1.00
FIX          1    100.00      23.03    23.68        0.99      4.00
DTE          2     50.00      23.09     7.21        0.74      3.00
IP           1    100.00      23.12    13.72        0.51      1.00
SOLV         1    100.00      23.13     8.44        0.56      1.00
ABNB         1    100.00      23.45    22.56        0.79      4.00
OXY          1    100.00      23.46     9.38        0.52      1.00
QCOM         1    100.00      23.80    13.05        1.43      1.00
UNH          1    100.00      24.46    16.53        0.70      9.00
SYY          1    100.00      24.80    15.55        0.71      1.00
GLW          1    100.00      25.14    19.82        0.77      1.00
TJX          1    100.00      25.34     9.85        0.85      1.00
TPL          1    100.00      25.92    12.08        1.57      6.00
GEHC         1    100.00      26.02    14.13        0.99      1.00
BNY          1    100.00      26.22    12.28        0.63      1.00
PFG          1    100.00      26.32    15.66        0.55      3.00
GDDY         1    100.00      26.68    13.55        0.52      3.00
STLD         1    100.00      27.42    14.98        0.60      6.00
BKNG         1    100.00      27.56    18.49        1.28      1.00
LEN          1    100.00      28.09     7.95        0.57      1.00
CRL          5     80.00      28.21    16.46        1.92      7.40
CB           1    100.00      28.24    10.19        0.66      1.00
DAL          1    100.00      28.32    19.61        0.56      3.00
DHI          1    100.00      29.34    23.57        0.59      3.00
NFLX         1    100.00      29.37    14.91        0.75      3.00
KMB          1    100.00      30.48     9.62        0.63      1.00
BBY          1    100.00      30.64    20.89        1.08      5.00
TXT          2     50.00      31.75    12.47        0.82      3.00
ES           1    100.00      31.99     9.33        0.83      2.00
SW           2    100.00      32.07    19.35        0.54      1.00
UDR          1    100.00      33.35    13.90        0.71      1.00
TRMB         1    100.00      33.35    16.83        1.31      1.00
BX           1    100.00      33.54     9.01        0.66      3.00
MCHP         1    100.00      33.57    13.57        0.84      1.00
MNST         2    100.00      33.62    12.91        0.63      2.00
PG           1    100.00      33.71     5.86        0.61      1.00
COP          1    100.00      33.81    14.54        0.60      3.00
TKO          1    100.00      33.99    12.52        1.59      1.00
FCX          2    100.00      34.10    25.24        0.65      3.50
HIG          1    100.00      34.85    10.34        0.82      3.00
EL           1    100.00      36.51    17.61        1.28      6.00
PNW          1    100.00      37.63     4.91        0.72      1.00
SBUX         1    100.00      38.06    11.22        0.94      3.00
GL           1    100.00      38.43    12.01        0.75      1.00
EXR          1    100.00      38.62    14.28        1.31      1.00
DG           1    100.00      38.64    22.41        1.07      1.00
TPR          1    100.00      38.74    17.60        0.92      3.00
BALL         2    100.00      38.86    13.16        0.86      3.00
RL           6     83.33      39.12    13.75        1.03      5.00
PAYX         1    100.00      39.84     6.85        1.45      1.00
STX          4     75.00      39.89    24.34        1.43      2.25
CBRE         3    100.00      40.94    13.85        0.64      6.67
EQR          2    100.00      41.37    12.92        0.58      1.00
KO           1    100.00      41.65     7.81        0.62      5.00
MSFT         4     75.00      41.67    10.14        1.29      6.75
LULU         1    100.00      41.68    24.92        1.00      3.00
CAH          2    100.00      41.97    13.43        0.81      3.50
OKE          1    100.00      42.44     9.36        0.62      1.00
HSY          1    100.00      42.60     9.23        0.82      3.00
RJF          1    100.00      43.90    16.84        0.84      1.00
MMM          1    100.00      44.81    12.08        0.88      1.00
GILD         1    100.00      44.81    10.36        1.40      3.00
HSIC         1    100.00      46.33     6.72        1.29      1.00
IR           1    100.00      47.42    15.18        1.04      3.00
CLX          2    100.00      47.48    11.43        1.07      7.00
JCI          2    100.00      47.52    13.83        0.98      1.00
HAS          2    100.00      47.70    19.49        0.98      2.00
EBAY         2    100.00      48.59    17.76        0.84      1.00
MKC          2    100.00      48.74     9.51        0.77      2.50
INTU         1    100.00      48.83    14.60        0.74      4.00
UAL          2    100.00      48.85    17.44        0.60      1.00
APO          1    100.00      49.90    12.96        1.30      6.00
APH          2    100.00      50.01    19.06        0.79      2.50
JNJ          2    100.00      51.07     9.51        0.63      2.00
NOW          2    100.00      51.52    18.28        1.32      1.00
SPG          2    100.00      52.12     6.63        0.91      4.00
BSX          2    100.00      52.80    10.90        1.08      1.00
EMR          2    100.00      53.76    14.05        0.88      1.00
PNR          2    100.00      53.77    12.95        0.79      2.00
KKR          1    100.00      53.77    22.40        1.93      3.00
MS           1    100.00      54.02    13.32        0.83      4.00
NTRS         2    100.00      54.58    13.26        1.09      2.00
ABT          2    100.00      54.82     7.03        1.27      5.00
AVY          2    100.00      54.95    15.54        0.60     14.00
BR           3    100.00      55.92    11.22        0.73      2.67
MAS          2    100.00      56.49    13.55        0.66      2.00
PM           2    100.00      56.86    13.18        0.92      1.00
PKG          3    100.00      58.19    11.33        0.78      1.33
AEP          2    100.00      58.68     6.40        0.90      4.50
ACGL         1    100.00      58.71     4.44        1.49      1.00
PANW         2    100.00      60.11    16.86        0.61      6.50
GOOG         2    100.00      60.30    11.75        1.09      6.00
COO          2    100.00      60.34    13.40        1.02      2.00
EFX          1    100.00      61.17    18.78        2.32      1.00
MTD          4     75.00      62.03    15.83        1.52      4.75
ITW          3    100.00      62.11    13.63        0.65      5.00
TXN          2    100.00      62.14    17.63        0.68      1.00
ETN          2    100.00      62.16    11.91        0.77      4.00
DLTR         2    100.00      62.23    16.51        0.94      3.00
ANET         2    100.00      62.94    21.03        0.95      1.00
ROST         2    100.00      63.76    10.38        1.04      6.50
NDAQ         2    100.00      64.32    11.85        1.10      3.00
ERIE         1    100.00      64.80    11.58        1.19      3.00
PPG          2    100.00      65.82    16.92        1.03      2.00
CTSH         2    100.00      66.07    12.80        0.75      1.00
FDS          2    100.00      66.54    13.62        1.35      2.00
PEP          3    100.00      68.22     5.63        1.00      4.00
DELL         1    100.00      68.23    25.48        1.89      3.00
NXPI         2    100.00      68.27    12.98        0.94      2.50
INCY         3    100.00      68.76    13.50        0.92      2.67
MTB          2    100.00      69.17    10.63        0.87      2.00
CCI          2    100.00      70.83    11.34        0.94      3.00
RSG          2    100.00      71.84     7.80        1.14      3.00
GPC          3    100.00      72.18    10.57        1.01      2.33
ABBV         2    100.00      73.32     7.65        1.15      2.00
TRGP         2    100.00      73.51    15.37        0.57      1.00
TSLA         2    100.00      73.75    26.76        1.05      1.00
BG           2    100.00      74.18     9.36        0.90      4.00
MRSH         2    100.00      74.21     7.46        1.31      3.00
IBM          2    100.00      74.36    14.18        0.94      2.50
GOOGL        3    100.00      76.36    11.01        0.85      6.33
LII          2    100.00      76.40    15.84        1.01      3.50
CHRW         3    100.00      76.44    19.11        1.36      6.67
TGT          3    100.00      76.52    18.76        1.10      5.00
AJG          2    100.00      77.14    10.88        0.94      3.00
PLD          3    100.00      77.39    12.02        0.64      1.00
PSA          3    100.00      78.50     9.49        1.05      3.67
ADBE         2    100.00      79.07    14.36        1.44      3.50
MU           2    100.00      79.24    22.09        1.10      7.50
ADSK         1    100.00      80.91     4.47        2.22      6.00
STZ          2    100.00      81.28    10.73        1.27      1.00
AOS          3    100.00      81.44    14.29        0.58      2.33
ATO          3    100.00      81.90     6.31        0.75      2.67
CI           2    100.00      82.23     7.87        1.66      3.00
RCL          2    100.00      82.92    14.72        0.98      2.00
LDOS         3    100.00      83.02    12.27        0.81      2.33
HUM          2    100.00      83.94    14.86        1.18      5.00
DXCM         3    100.00      84.44    20.16        0.65      8.00
COF          3    100.00      84.61    12.17        0.78      3.00
GPN          2    100.00      84.90    12.77        1.31      1.00
TECH         2    100.00      85.39    15.39        1.21      1.00
NEE          2    100.00      85.46     6.22        1.44      2.50
ICE          2    100.00      87.42    11.67        0.70      3.00
AAPL         3    100.00      87.43    10.62        0.81      3.67
APD          3    100.00      88.35    14.29        1.50      6.67
AKAM         3    100.00      88.50    22.46        0.71      1.67
RTX          3    100.00      90.50     9.03        0.88      1.00
CDNS         3    100.00      94.17    18.41        1.09      1.33
AMAT         2    100.00      97.09    16.30        1.67      6.50
BIIB         3    100.00      97.61    10.10        1.37      2.67
APTV         3    100.00      97.62    20.44        0.66      3.00
CRM          3    100.00      98.16    11.24        1.08      1.00
DDOG         2    100.00      98.26    33.30        1.32      3.00
KEYS         4    100.00      98.36    20.65        1.12      1.25
NSC          2    100.00      99.87    10.46        1.42      8.50
HON          3    100.00     100.01     9.45        1.58      7.33
BDX          3    100.00     100.77    10.43        0.87      2.33
HLT          2    100.00     101.64    11.94        1.40      1.00
TDG          4    100.00     102.48    13.29        0.82      4.50
JBL          2    100.00     103.34    13.77        1.52      4.50
CPT          2    100.00     104.08    13.34        0.82      3.00
LHX          3    100.00     104.08     6.61        0.84      5.67
PGR          2    100.00     104.13     7.67        1.35     13.50
UHS          2    100.00     105.22    17.51        1.22      1.00
NVR          2    100.00     105.58     9.28        1.48      6.50
TEL          3    100.00     108.09    13.64        1.32      1.00
CME          3    100.00     109.96     4.91        1.27      1.00
PLTR         3    100.00     110.05    27.73        0.79      1.00
ODFL         3    100.00     110.78    13.40        0.74      1.00
REGN         3    100.00     112.64    10.35        1.33      2.33
BA           3    100.00     112.92    16.95        1.29      1.00
AIG          2    100.00     114.29     9.48        1.21      3.00
HUBB         2    100.00     114.99    12.60        1.56     12.00
ROP          2    100.00     116.28     8.24        1.34      2.00
SHW          3    100.00     120.13     9.62        1.99      1.00
MCD          4    100.00     121.25     6.56        0.91      2.50
NOC          4    100.00     122.86    13.90        1.18      2.00
DOV          3    100.00     124.12    10.21        1.27      3.00
ISRG         3    100.00     124.53    16.26        1.40      4.33
TTWO         3    100.00     125.00    13.80        1.31      3.67
FTNT         3    100.00     125.29    20.42        1.12      2.00
UPS          2    100.00     125.85     7.88        1.17     12.50
VLO          3    100.00     126.90    10.53        1.00      3.33
EW           4    100.00     127.53     9.64        0.84      2.25
AZO          3    100.00     128.05     8.43        1.34      1.00
GD           4    100.00     128.93     8.62        1.17      2.00
EXPE         2    100.00     129.79    13.93        1.58      3.50
TMO          4    100.00     133.50    14.79        1.13      3.50
ULTA         4    100.00     135.93    19.06        1.04      3.75
CDW          3    100.00     136.81    14.21        0.86      2.00
ROK          4    100.00     137.62    15.38        1.19      5.25
ESS          4    100.00     137.64     9.48        0.86      1.75
CMI          5     80.00     138.00    12.20        0.99      1.75
AMT          4    100.00     138.05    10.45        1.34      3.00
SNA          4    100.00     138.18    11.80        0.93     10.50
AMGN         4    100.00     138.60    12.22        1.10      3.00
ELV          4    100.00     140.03    10.13        0.99      2.00
TRV          5    100.00     143.27     9.30        1.16      5.40
MLM          3    100.00     143.83    10.59        1.87      1.00
TER          4    100.00     144.50    20.89        1.39      1.75
ORCL         4    100.00     145.31    20.79        1.28      5.00
CVS          2    100.00     145.47    11.21        0.94      1.00
DRI          3    100.00     145.55    12.73        1.29      3.33
CINF         4    100.00     146.11     8.71        1.14      4.00
SNPS         4    100.00     147.47    14.05        1.14      5.25
AWK          4    100.00     151.69     7.65        0.98      1.75
ECL          5    100.00     152.56     9.89        1.15      1.20
ADI          5    100.00     154.73    16.33        0.85      3.00
KLAC         3    100.00     156.89    17.64        1.32      2.33
MSI          5    100.00     158.20    11.36        0.91      6.60
MPC          3    100.00     160.87    14.00        1.01      1.00
SBAC         4    100.00     163.25    12.03        1.34      1.25
GNRC         4    100.00     166.34    23.88        1.24      1.00
AVGO         3    100.00     166.40    22.85        1.06      2.33
LYV          4     75.00     167.11    11.43        1.55      3.00
HCA          3    100.00     167.73     8.85        1.82      2.33
URI          4    100.00     169.14    18.68        1.37      3.75
MA           4    100.00     169.87    10.69        1.05      2.50
TMUS         5    100.00     171.36     9.95        0.88      4.80
LLY          4    100.00     172.91    12.45        1.54      5.50
PTC          4    100.00     174.88    14.09        1.22      1.75
FSLR         4    100.00     175.43    15.52        1.74      3.00
HII          3    100.00     179.07    10.30        1.19      5.67
AMP          4    100.00     181.29    10.21        1.35      1.50
IEX          4    100.00     183.80     9.53        1.18      1.75
MAA          4    100.00     184.20     9.18        1.08      1.00
COST         3    100.00     186.17     5.17        1.41      2.33
DVA          5    100.00     186.29    18.39        1.03      1.60
DHR          4    100.00     187.95    11.69        1.34      1.50
JBHT         4    100.00     189.83    13.32        1.38      6.75
LIN          5    100.00     192.80     8.45        1.68      3.40
STE          4    100.00     193.57    12.34        1.01      1.00
DPZ          5    100.00     195.07    11.62        1.31      3.80
PWR          6    100.00     196.11    19.21        0.85      3.00
AXON         5    100.00     204.14    20.82        1.43      4.00
NUE          6    100.00     206.28    13.33        1.27      3.83
GEV          4    100.00     206.78    21.82        1.46      1.00
EXPD         5    100.00     207.19    11.83        1.08      2.20
FDX          5    100.00     212.72    14.55        1.60      2.40
SYK          4    100.00     215.01    10.99        1.47      2.00
PH           6    100.00     216.59    11.55        1.53      4.67
TDY          7    100.00     218.73    11.28        1.02      3.86
MCK          5    100.00     219.27    11.27        1.35      3.00
AME          5    100.00     220.15     9.14        1.23      4.00
HWM          6    100.00     221.16    17.17        0.84      3.00
AMZN         5    100.00     223.17    13.77        1.47      3.40
CTAS         6    100.00     226.68     8.59        0.75      8.83
MAR          4    100.00     229.37    12.49        1.17      3.50
NDSN         6    100.00     249.55     7.49        1.24      1.33
ACN          3    100.00     250.62     9.14        1.74     13.33
ALGN         4    100.00     266.35    20.59        1.49     14.75
FFIV         7    100.00     267.51    12.89        1.28      7.71
EQIX         6    100.00     268.86    12.74        1.56      3.67
AIZ          7    100.00     270.04    10.19        1.31      4.29
GRMN         6    100.00     275.29    14.50        1.52      6.67
CAT          4    100.00     276.54    15.43        1.57      5.25
TYL          8    100.00     288.20    11.14        1.38      2.62
GS           5    100.00     308.87     9.94        1.44      1.20
SPGI         6    100.00     316.14     9.54        1.39      3.67
IDXX         7    100.00     321.69    14.95        2.08      4.14
FICO         5    100.00     336.29    10.87        1.83      1.40
MSCI         8    100.00     368.20    11.27        1.62      1.75
MPWR         7    100.00     378.71    20.64        1.68      7.14

── VOLUME ANALYSIS (10d Median at Entry) ───────────────────────
  Avg volume     : 4,359,496
  Median volume  : 1,513,450
  Min volume     : 14,850
  Max volume     : 683,399,000
  % under 100K   : 0.2%
  % under 500K   : 10.9%
  % under 1M     : 32.4%
  % under 10M    : 94.7%
  % over 10M     : 5.3%

  Volume bucket distribution:
            Trades  Win_Rate  Avg_PnL  Avg_OTM  Avg_Credit
Vol_Bucket
<100K            2    100.00    52.79     9.28        1.48
100K-500K       93     92.47    26.10    11.58        1.25
500K-1M        186     95.70    26.54    12.69        1.23
1M-5M          471     95.12    26.56    13.22        1.13
5M-10M          70     94.29    22.54    14.48        0.94
>10M            46     95.65    28.12    17.26        1.13

  Avg loss by volume bucket (losing trades only):
            Trades  Avg_Loss  Max_Loss
Vol_Bucket
100K-500K        7   -146.51   -268.37
500K-1M          8   -255.46   -422.69
1M-5M           23   -207.15   -649.73
5M-10M           4   -124.46   -191.29
>10M             2   -176.18   -231.64

Process finished with exit code 0
