C:\Neeraj\backup\tech\systematicinv\iron-condor\venv\Scripts\python.exe C:\Neeraj\backup\tech\systematicinv\iron-condor\run_scanner.py
2026-06-25 00:43:44.856716  Scanning today=2026-06-25 00:43:44.856716, delta_days=365, start_date=2026-05-26, end_date=2026-06-25, load_date=2025-06-25
2026-06-25 00:43:45.826905  S&P 500 change events change events loaded: 299
2026-06-25 00:43:45.826905  Current tickers: 503
2026-06-25 00:43:45.826905   Loading stock price data from 2025-06-25, delta_days=365 for 503 tickers...
2026-06-25 00:45:40.759421 503 end download
2026-06-25 00:45:40.759420    ✓ Loaded 503 tickers
2026-06-25 00:45:47.315733   2026-05-27 → 0 signals
2026-06-25 00:45:48.744181   2026-05-28 → 1 signals
2026-06-25 00:45:50.063257   2026-05-29 → 3 signals
2026-06-25 00:45:51.422755   2026-06-01 → 0 signals
2026-06-25 00:45:52.760123   2026-06-02 → 0 signals
2026-06-25 00:45:54.066056   2026-06-03 → 0 signals
2026-06-25 00:45:55.407758   2026-06-04 → 0 signals
2026-06-25 00:45:56.756323   2026-06-05 → 0 signals
2026-06-25 00:45:58.148261   2026-06-08 → 0 signals
2026-06-25 00:45:59.433616   2026-06-09 → 0 signals
2026-06-25 00:46:00.730432   2026-06-10 → 0 signals
2026-06-25 00:46:02.156273   2026-06-11 → 0 signals
2026-06-25 00:46:03.511982   2026-06-12 → 0 signals
2026-06-25 00:46:05.500409   2026-06-15 → 0 signals
2026-06-25 00:46:07.411061   2026-06-16 → 0 signals
2026-06-25 00:46:08.720961   2026-06-17 → 0 signals
2026-06-25 00:46:10.030388   2026-06-18 → 0 signals
2026-06-25 00:46:11.540593   2026-06-22 → 0 signals
2026-06-25 00:46:12.786859   2026-06-23 → 0 signals
2026-06-25 00:46:14.031382   2026-06-24 → 0 signals

==========================================================================================
  SCANNER SIGNALS
==========================================================================================
   2026-05-28 A ENTER at strike 110.0
   2026-05-29 HRL ENTER at strike 15.0
   2026-05-29 DLTR ENTER at strike 85.0
   2026-05-29 BBY ENTER at strike 55.0
   2026-05-29 DELL ENTER at strike 210.0
   2026-05-29 NTAP ENTER at strike 110.0
   2026-06-02 HPE ENTER at strike 25.0
  Date         Ticker      Price   Short   Long   OTM%  Credit  MaxLoss Expiration    DTE       Vol10d
  ------------ -------- -------- ------- ------ ------ ------- -------- ------------ ---- ------------
  2026-05-28   A          135.38     110    125  18.7%    1.55   844.63 2026-07-31     64    2,628,000
  2026-05-29   DELL       420.91     210    411  50.1%    0.85   915.04 2026-07-31     63    6,697,500
  2026-05-29   DLTR       116.44      85    106  27.0%    0.81   919.24 2026-07-31     63    4,212,800
  2026-05-29   NTAP       174.29     110    164  36.9%    0.59   940.67 2026-07-31     63    4,454,450

  Total signals: 4 across 20 trading days

  SIGNALS PER DAY
  ----------------------------------------
  2026-05-28    1 signals avg OTM 18.7%  avg credit $1.55
    A
  2026-05-29    3 signals avg OTM 38.0%  avg credit $0.75
    DELL, DLTR, NTAP
2026-06-25 00:46:41.729449

Process finished with exit code 0
